[    0.000000] Initializing cgroup subsys cpuset
[    0.000000] Initializing cgroup subsys cpu
[    0.000000] Initializing cgroup subsys cpuacct
[    0.000000] Linux version 4.4.0-210-generic (buildd@lgw01-amd64-009) (gcc version 5.4.0 20160609 (Ubuntu 5.4.0-6ubuntu1~16.04.12) ) #242-Ubuntu SMP Fri Apr 16 09:57:56 UTC 2021 (Ubuntu 4.4.0-210.242-generic 4.4.262)
[    0.000000] Command line: BOOT_IMAGE=/boot/vmlinuz-4.4.0-210-generic root=LABEL=cloudimg-rootfs ro console=tty1 console=ttyS0
[    0.000000] KERNEL supported cpus:
[    0.000000]   Intel GenuineIntel
[    0.000000]   AMD AuthenticAMD
[    0.000000]   Centaur CentaurHauls
[    0.000000] [Firmware Bug]: TSC doesn't count with P0 frequency!
[    0.000000] x86/fpu: xstate_offset[2]:  576, xstate_sizes[2]:  256
[    0.000000] x86/fpu: Supporting XSAVE feature 0x01: 'x87 floating point registers'
[    0.000000] x86/fpu: Supporting XSAVE feature 0x02: 'SSE registers'
[    0.000000] x86/fpu: Supporting XSAVE feature 0x04: 'AVX registers'
[    0.000000] x86/fpu: Enabled xstate features 0x7, context size is 832 bytes, using 'standard' format.
[    0.000000] e820: BIOS-provided physical RAM map:
[    0.000000] BIOS-e820: [mem 0x0000000000000000-0x000000000009fbff] usable
[    0.000000] BIOS-e820: [mem 0x000000000009fc00-0x000000000009ffff] reserved
[    0.000000] BIOS-e820: [mem 0x00000000000f0000-0x00000000000fffff] reserved
[    0.000000] BIOS-e820: [mem 0x0000000000100000-0x00000000dffeffff] usable
[    0.000000] BIOS-e820: [mem 0x00000000dfff0000-0x00000000dfffffff] ACPI data
[    0.000000] BIOS-e820: [mem 0x00000000fec00000-0x00000000fec00fff] reserved
[    0.000000] BIOS-e820: [mem 0x00000000fee00000-0x00000000fee00fff] reserved
[    0.000000] BIOS-e820: [mem 0x00000000fffc0000-0x00000000ffffffff] reserved
[    0.000000] BIOS-e820: [mem 0x0000000100000000-0x000000011fffffff] usable
[    0.000000] NX (Execute Disable) protection: active
[    0.000000] SMBIOS 2.5 present.
[    0.000000] Hypervisor detected: KVM
[    0.000000] Kernel/User page tables isolation: disabled
[    0.000000] e820: last_pfn = 0x120000 max_arch_pfn = 0x400000000
[    0.000000] MTRR: Disabled
[    0.000000] x86/PAT: MTRRs disabled, skipping PAT initialization too.
[    0.000000] CPU MTRRs all blank - virtualized system.
[    0.000000] x86/PAT: Configuration [0-7]: WB  WT  UC- UC  WB  WT  UC- UC  
[    0.000000] e820: last_pfn = 0xdfff0 max_arch_pfn = 0x400000000
[    0.000000] found SMP MP-table at [mem 0x0009fff0-0x0009ffff] mapped at [ffff88000009fff0]
[    0.000000] Scanning 1 areas for low memory corruption
[    0.000000] RAMDISK: [mem 0x362dc000-0x37165fff]
[    0.000000] ACPI: Early table checksum verification disabled
[    0.000000] ACPI: RSDP 0x00000000000E0000 000024 (v02 VBOX  )
[    0.000000] ACPI: XSDT 0x00000000DFFF0030 00003C (v01 VBOX   VBOXXSDT 00000001 ASL  00000061)
[    0.000000] ACPI: FACP 0x00000000DFFF00F0 0000F4 (v04 VBOX   VBOXFACP 00000001 ASL  00000061)
[    0.000000] ACPI: DSDT 0x00000000DFFF0470 002325 (v02 VBOX   VBOXBIOS 00000002 INTL 20211217)
[    0.000000] ACPI: FACS 0x00000000DFFF0200 000040
[    0.000000] ACPI: FACS 0x00000000DFFF0200 000040
[    0.000000] ACPI: APIC 0x00000000DFFF0240 00005C (v02 VBOX   VBOXAPIC 00000001 ASL  00000061)
[    0.000000] ACPI: SSDT 0x00000000DFFF02A0 0001CC (v01 VBOX   VBOXCPUT 00000002 INTL 20211217)
[    0.000000] No NUMA configuration found
[    0.000000] Faking a node at [mem 0x0000000000000000-0x000000011fffffff]
[    0.000000] NODE_DATA(0) allocated [mem 0x11fff7000-0x11fffbfff]
[    0.000000] kvm-clock: Using msrs 4b564d01 and 4b564d00
[    0.000000] kvm-clock: cpu 0, msr 1:1ffef001, primary cpu clock
[    0.000000] kvm-clock: using sched offset of 2919635577 cycles
[    0.000000] clocksource: kvm-clock: mask: 0xffffffffffffffff max_cycles: 0x1cd42e4dffb, max_idle_ns: 881590591483 ns
[    0.000000] Zone ranges:
[    0.000000]   DMA      [mem 0x0000000000001000-0x0000000000ffffff]
[    0.000000]   DMA32    [mem 0x0000000001000000-0x00000000ffffffff]
[    0.000000]   Normal   [mem 0x0000000100000000-0x000000011fffffff]
[    0.000000]   Device   empty
[    0.000000] Movable zone start for each node
[    0.000000] Early memory node ranges
[    0.000000]   node   0: [mem 0x0000000000001000-0x000000000009efff]
[    0.000000]   node   0: [mem 0x0000000000100000-0x00000000dffeffff]
[    0.000000]   node   0: [mem 0x0000000100000000-0x000000011fffffff]
[    0.000000] Initmem setup node 0 [mem 0x0000000000001000-0x000000011fffffff]
[    0.000000] ACPI: PM-Timer IO Port: 0x4008
[    0.000000] IOAPIC[0]: apic_id 2, version 32, address 0xfec00000, GSI 0-23
[    0.000000] ACPI: INT_SRC_OVR (bus 0 bus_irq 0 global_irq 2 dfl dfl)
[    0.000000] ACPI: INT_SRC_OVR (bus 0 bus_irq 9 global_irq 9 low level)
[    0.000000] Using ACPI (MADT) for SMP configuration information
[    0.000000] smpboot: Allowing 2 CPUs, 0 hotplug CPUs
[    0.000000] PM: Registered nosave memory: [mem 0x00000000-0x00000fff]
[    0.000000] PM: Registered nosave memory: [mem 0x0009f000-0x0009ffff]
[    0.000000] PM: Registered nosave memory: [mem 0x000a0000-0x000effff]
[    0.000000] PM: Registered nosave memory: [mem 0x000f0000-0x000fffff]
[    0.000000] PM: Registered nosave memory: [mem 0xdfff0000-0xdfffffff]
[    0.000000] PM: Registered nosave memory: [mem 0xe0000000-0xfebfffff]
[    0.000000] PM: Registered nosave memory: [mem 0xfec00000-0xfec00fff]
[    0.000000] PM: Registered nosave memory: [mem 0xfec01000-0xfedfffff]
[    0.000000] PM: Registered nosave memory: [mem 0xfee00000-0xfee00fff]
[    0.000000] PM: Registered nosave memory: [mem 0xfee01000-0xfffbffff]
[    0.000000] PM: Registered nosave memory: [mem 0xfffc0000-0xffffffff]
[    0.000000] e820: [mem 0xe0000000-0xfebfffff] available for PCI devices
[    0.000000] Booting paravirtualized kernel on KVM
[    0.000000] clocksource: refined-jiffies: mask: 0xffffffff max_cycles: 0xffffffff, max_idle_ns: 7645519600211568 ns
[    0.000000] setup_percpu: NR_CPUS:512 nr_cpumask_bits:512 nr_cpu_ids:2 nr_node_ids:1
[    0.000000] PERCPU: Embedded 33 pages/cpu @ffff88011fc00000 s95192 r8192 d31784 u1048576
[    0.000000] Built 1 zonelists in Node order, mobility grouping on.  Total pages: 1032056
[    0.000000] Policy zone: Normal
[    0.000000] Kernel command line: BOOT_IMAGE=/boot/vmlinuz-4.4.0-210-generic root=LABEL=cloudimg-rootfs ro console=tty1 console=ttyS0
[    0.000000] PID hash table entries: 4096 (order: 3, 32768 bytes)
[    0.000000] Memory: 4028304K/4193848K available (8644K kernel code, 1332K rwdata, 4044K rodata, 1492K init, 1164K bss, 165544K reserved, 0K cma-reserved)
[    0.000000] SLUB: HWalign=64, Order=0-3, MinObjects=0, CPUs=2, Nodes=1
[    0.000000] Hierarchical RCU implementation.
[    0.000000] 	Build-time adjustment of leaf fanout to 64.
[    0.000000] 	RCU restricting CPUs from NR_CPUS=512 to nr_cpu_ids=2.
[    0.000000] RCU: Adjusting geometry for rcu_fanout_leaf=64, nr_cpu_ids=2
[    0.000000] NR_IRQS:33024 nr_irqs:440 16
[    0.000000] Console: colour VGA+ 80x25
[    0.000000] console [tty1] enabled
[    0.000000] console [ttyS0] enabled
[    0.000000] tsc: Detected 1996.404 MHz processor
[    0.151108] Calibrating delay loop (skipped) preset value.. 3992.80 BogoMIPS (lpj=7985616)
[    0.151898] pid_max: default: 32768 minimum: 301
[    0.152341] ACPI: Core revision 20150930
[    0.153387] ACPI: 2 ACPI AML tables successfully acquired and loaded
[    0.153993] Security Framework initialized
[    0.154393] Yama: becoming mindful.
[    0.154767] AppArmor: AppArmor initialized
[    0.155888] Dentry cache hash table entries: 524288 (order: 10, 4194304 bytes)
[    0.158427] Inode-cache hash table entries: 262144 (order: 9, 2097152 bytes)
[    0.159316] Mount-cache hash table entries: 8192 (order: 4, 65536 bytes)
[    0.159873] Mountpoint-cache hash table entries: 8192 (order: 4, 65536 bytes)
[    0.160585] Initializing cgroup subsys io
[    0.160995] Initializing cgroup subsys memory
[    0.161412] Initializing cgroup subsys devices
[    0.161833] Initializing cgroup subsys freezer
[    0.162270] Initializing cgroup subsys net_cls
[    0.162708] Initializing cgroup subsys perf_event
[    0.163140] Initializing cgroup subsys net_prio
[    0.163571] Initializing cgroup subsys hugetlb
[    0.163990] Initializing cgroup subsys pids
[    0.171971] mce: CPU supports 0 MCE banks
[    0.172655] Last level iTLB entries: 4KB 1024, 2MB 1024, 4MB 512
[    0.173213] Last level dTLB entries: 4KB 2048, 2MB 2048, 4MB 1024, 1GB 0
[    0.174102] Spectre V1 : Mitigation: usercopy/swapgs barriers and __user pointer sanitization
[    0.175268] Spectre V2 : Spectre mitigation: LFENCE not serializing, switching to generic retpoline
[    0.176506] Spectre V2 : Mitigation: Full generic retpoline
[    0.177280] Spectre V2 : Spectre v2 / SpectreRSB mitigation: Filling RSB on context switch
[    0.178424] Speculative Store Bypass: Mitigation: Speculative Store Bypass disabled via prctl and seccomp
[    0.181161] Freeing SMP alternatives memory: 36K
[    0.185654] ftrace: allocating 32380 entries in 127 pages
[    0.228237] smpboot: APIC(0) Converting physical 0 to logical package 0
[    0.229285] smpboot: Max logical packages: 1
[    0.230045] x2apic enabled
[    0.230647] Switched APIC routing to physical x2apic.
[    0.232070] ..TIMER: vector=0x30 apic1=0 pin1=2 apic2=-1 pin2=-1
[    0.340889] APIC calibration not consistent with PM-Timer: 102ms instead of 100ms
[    0.342124] APIC delta adjusted to PM-Timer: 6376977 (6531666)
[    0.343001] smpboot: CPU0: AMD Ryzen 7 4700U with Radeon Graphics (family: 0x17, model: 0x60, stepping: 0x1)
[    0.344549] Performance Events: Broken PMU hardware detected, using software events only.
[    0.345698] Failed to access perfctr msr (MSR c0010007 is 0)
[    0.350677] KVM setup paravirtual spinlock
[    0.352588] x86: Booting SMP configuration:
[    0.353238] .... node  #0, CPUs:      #1
[    0.354332] kvm-clock: cpu 1, msr 1:1ffef041, secondary cpu clock
[    0.363607] mce: CPU supports 0 MCE banks
[    0.366353] x86: Booted up 1 node, 2 CPUs
[    0.367069] smpboot: Total of 2 processors activated (7985.61 BogoMIPS)
[    0.368333] devtmpfs: initialized
[    0.372863] evm: security.selinux
[    0.374039] evm: security.SMACK64
[    0.375129] evm: security.SMACK64EXEC
[    0.375998] evm: security.SMACK64TRANSMUTE
[    0.376896] evm: security.SMACK64MMAP
[    0.377781] evm: security.ima
[    0.378569] evm: security.capability
[    0.379594] clocksource: jiffies: mask: 0xffffffff max_cycles: 0xffffffff, max_idle_ns: 7645041785100000 ns
[    0.380821] futex hash table entries: 512 (order: 3, 32768 bytes)
[    0.382246] pinctrl core: initialized pinctrl subsystem
[    0.383788] RTC time: 13:09:27, date: 04/26/22
[    0.385319] NET: Registered protocol family 16
[    0.392808] cpuidle: using governor ladder
[    0.400323] cpuidle: using governor menu
[    0.401446] PCCT header not found.
[    0.402929] ACPI: bus type PCI registered
[    0.404446] acpiphp: ACPI Hot Plug PCI Controller Driver version: 0.5
[    0.406160] PCI: Using configuration type 1 for base access
[    0.408767] PCI: Using configuration type 1 for extended access
[    0.425060] ACPI: Added _OSI(Module Device)
[    0.426223] ACPI: Added _OSI(Processor Device)
[    0.427767] ACPI: Added _OSI(3.0 _SCP Extensions)
[    0.436548] ACPI: Added _OSI(Processor Aggregator Device)
[    0.437576] ACPI: Executed 1 blocks of module-level executable AML code
[    0.439622] ACPI: Interpreter enabled
[    0.440021] ACPI: (supports S0 S5)
[    0.440955] ACPI: Using IOAPIC for interrupt routing
[    0.441589] PCI: Using host bridge windows from ACPI; if necessary, use "pci=nocrs" and report a bug
[    0.450914] ACPI: PCI Root Bridge [PCI0] (domain 0000 [bus 00-ff])
[    0.451685] acpi PNP0A03:00: _OSC: OS supports [ExtendedConfig ASPM ClockPM Segments MSI]
[    0.453036] acpi PNP0A03:00: _OSC: platform does not support [PCIeCapability]
[    0.454280] acpi PNP0A03:00: _OSC: not requesting control; platform does not support [PCIeCapability]
[    0.456888] acpi PNP0A03:00: _OSC: OS requested [PCIeHotplug PME AER PCIeCapability]
[    0.458669] acpi PNP0A03:00: _OSC: platform willing to grant [PCIeHotplug PME AER]
[    0.459797] acpi PNP0A03:00: _OSC failed (AE_SUPPORT); disabling ASPM
[    0.460664] PCI host bridge to bus 0000:00
[    0.461119] pci_bus 0000:00: root bus resource [io  0x0000-0x0cf7 window]
[    0.461895] pci_bus 0000:00: root bus resource [io  0x0d00-0xffff window]
[    0.463176] pci_bus 0000:00: root bus resource [mem 0x000a0000-0x000bffff window]
[    0.464305] pci_bus 0000:00: root bus resource [mem 0xe0000000-0xfdffffff window]
[    0.465105] pci_bus 0000:00: root bus resource [bus 00-ff]
[    0.466657] pci 0000:00:01.1: legacy IDE quirk: reg 0x10: [io  0x01f0-0x01f7]
[    0.468053] pci 0000:00:01.1: legacy IDE quirk: reg 0x14: [io  0x03f6]
[    0.468667] pci 0000:00:01.1: legacy IDE quirk: reg 0x18: [io  0x0170-0x0177]
[    0.469460] pci 0000:00:01.1: legacy IDE quirk: reg 0x1c: [io  0x0376]
[    0.530180] pci 0000:00:07.0: quirk: [io  0x4000-0x403f] claimed by PIIX4 ACPI
[    0.531586] pci 0000:00:07.0: quirk: [io  0x4100-0x410f] claimed by PIIX4 SMB
[    0.548734] ACPI: PCI Interrupt Link [LNKA] (IRQs 5 9 10 *11)
[    0.549981] ACPI: PCI Interrupt Link [LNKB] (IRQs 5 9 *10 11)
[    0.551001] ACPI: PCI Interrupt Link [LNKC] (IRQs 5 *9 10 11)
[    0.551811] ACPI: PCI Interrupt Link [LNKD] (IRQs 5 9 10 *11)
[    0.552664] ACPI: Enabled 2 GPEs in block 00 to 07
[    0.553377] vgaarb: setting as boot device: PCI:0000:00:02.0
[    0.553877] vgaarb: device added: PCI:0000:00:02.0,decodes=io+mem,owns=io+mem,locks=none
[    0.554641] vgaarb: loaded
[    0.554967] vgaarb: bridge control possible 0000:00:02.0
[    0.555689] SCSI subsystem initialized
[    0.556485] ACPI: bus type USB registered
[    0.556932] usbcore: registered new interface driver usbfs
[    0.557610] usbcore: registered new interface driver hub
[    0.558229] usbcore: registered new device driver usb
[    0.558904] PCI: Using ACPI for IRQ routing
[    0.559524] NetLabel: Initializing
[    0.559889] NetLabel:  domain hash size = 128
[    0.560333] NetLabel:  protocols = UNLABELED CIPSOv4
[    0.560778] NetLabel:  unlabeled traffic allowed by default
[    0.561406] amd_nb: Cannot enumerate AMD northbridges
[    0.561914] clocksource: Switched to clocksource kvm-clock
[    0.569959] AppArmor: AppArmor Filesystem Enabled
[    0.570816] pnp: PnP ACPI init
[    0.571832] pnp: PnP ACPI: found 3 devices
[    0.580984] clocksource: acpi_pm: mask: 0xffffff max_cycles: 0xffffff, max_idle_ns: 2085701024 ns
[    0.582208] NET: Registered protocol family 2
[    0.582826] TCP established hash table entries: 32768 (order: 6, 262144 bytes)
[    0.583633] TCP bind hash table entries: 32768 (order: 7, 524288 bytes)
[    0.584238] TCP: Hash tables configured (established 32768 bind 32768)
[    0.584801] UDP hash table entries: 2048 (order: 4, 65536 bytes)
[    0.585316] UDP-Lite hash table entries: 2048 (order: 4, 65536 bytes)
[    0.585931] NET: Registered protocol family 1
[    0.586446] pci 0000:00:00.0: Limiting direct PCI/PCI transfers
[    0.586985] pci 0000:00:01.0: Activating ISA DMA hang workarounds
[    0.587660] Unpacking initramfs...
[    0.770808] Freeing initrd memory: 14888K
[    0.771668] PCI-DMA: Using software bounce buffering for IO (SWIOTLB)
[    0.772651] software IO TLB: mapped [mem 0xdbff0000-0xdfff0000] (64MB)
[    0.773285] clocksource: tsc: mask: 0xffffffffffffffff max_cycles: 0x398dd2947dc, max_idle_ns: 881590612384 ns
[    0.774193] platform rtc_cmos: registered platform RTC device (no PNP device found)
[    0.774923] Scanning for low memory corruption every 60 seconds
[    0.775793] audit: initializing netlink subsys (disabled)
[    0.776305] audit: type=2000 audit(1650978571.559:1): initialized
[    0.777056] Initialise system trusted keyring
[    0.777652] HugeTLB registered 2 MB page size, pre-allocated 0 pages
[    0.778979] zbud: loaded
[    0.779574] VFS: Disk quotas dquot_6.6.0
[    0.780032] VFS: Dquot-cache hash table entries: 512 (order 0, 4096 bytes)
[    0.780762] squashfs: version 4.0 (2009/01/31) Phillip Lougher
[    0.781487] fuse init (API version 7.23)
[    0.781995] Key type big_key registered
[    0.782434] Allocating IMA MOK and blacklist keyrings.
[    0.784035] Key type asymmetric registered
[    0.784468] Asymmetric key parser 'x509' registered
[    0.784945] Block layer SCSI generic (bsg) driver version 0.4 loaded (major 249)
[    0.785710] io scheduler noop registered
[    0.786116] io scheduler deadline registered (default)
[    0.786595] io scheduler cfq registered
[    0.787054] pci_hotplug: PCI Hot Plug PCI Core version: 0.5
[    0.787705] pciehp: PCI Express Hot Plug Controller Driver version: 0.4
[    0.788356] ACPI: AC Adapter [AC] (on-line)
[    0.788808] input: Power Button as /devices/LNXSYSTM:00/LNXPWRBN:00/input/input0
[    0.789542] ACPI: Power Button [PWRF]
[    0.789947] input: Sleep Button as /devices/LNXSYSTM:00/LNXSLPBN:00/input/input1
[    0.790675] ACPI: Sleep Button [SLPF]
[    0.791216] GHES: HEST is not enabled!
[    0.791538] ACPI: Battery Slot [BAT0] (battery present)
[    0.792244] Serial: 8250/16550 driver, 32 ports, IRQ sharing enabled
[    0.813037] 00:02: ttyS0 at I/O 0x3f8 (irq = 4, base_baud = 115200) is a 16550A
[    0.816072] Linux agpgart interface v0.103
[    0.818092] loop: module loaded
[    0.818839] scsi host0: ata_piix
[    0.819351] scsi host1: ata_piix
[    0.819773] ata1: PATA max UDMA/33 cmd 0x1f0 ctl 0x3f6 bmdma 0xd000 irq 14
[    0.820346] ata2: PATA max UDMA/33 cmd 0x170 ctl 0x376 bmdma 0xd008 irq 15
[    0.820948] libphy: Fixed MDIO Bus: probed
[    0.821357] tun: Universal TUN/TAP device driver, 1.6
[    0.821790] tun: (C) 1999-2004 Max Krasnyansky <maxk@qualcomm.com>
[    0.822490] PPP generic driver version 2.4.2
[    0.822953] ehci_hcd: USB 2.0 'Enhanced' Host Controller (EHCI) Driver
[    0.823504] ehci-pci: EHCI PCI platform driver
[    0.823921] ehci-platform: EHCI generic platform driver
[    0.828367] ohci_hcd: USB 1.1 'Open' Host Controller (OHCI) Driver
[    0.831891] ohci-pci: OHCI PCI platform driver
[    0.833615] ohci-platform: OHCI generic platform driver
[    0.834951] uhci_hcd: USB Universal Host Controller Interface driver
[    0.836357] i8042: PNP: PS/2 Controller [PNP0303:PS2K,PNP0f03:PS2M] at 0x60,0x64 irq 1,12
[    0.838457] serio: i8042 KBD port at 0x60,0x64 irq 1
[    0.839268] serio: i8042 AUX port at 0x60,0x64 irq 12
[    0.840202] mousedev: PS/2 mouse device common for all mice
[    0.841639] input: AT Translated Set 2 keyboard as /devices/platform/i8042/serio0/input/input2
[    0.843068] rtc_cmos rtc_cmos: rtc core: registered rtc_cmos as rtc0
[    0.843937] rtc_cmos rtc_cmos: alarms up to one day, 114 bytes nvram
[    0.844590] i2c /dev entries driver
[    0.845064] device-mapper: uevent: version 1.0.3
[    0.845666] device-mapper: ioctl: 4.34.0-ioctl (2015-10-28) initialised: dm-devel@redhat.com
[    0.846577] ledtrig-cpu: registered to indicate activity on CPUs
[    0.847487] NET: Registered protocol family 10
[    0.848185] NET: Registered protocol family 17
[    0.849274] Key type dns_resolver registered
[    0.850723] registered taskstats version 1
[    0.851675] Loading compiled-in X.509 certificates
[    0.853568] Loaded X.509 cert 'Build time autogenerated kernel key: cf00e047681d67edb2720680708b7d9498083038'
[    0.855730] zswap: loaded using pool lzo/zbud
[    0.858462] Key type trusted registered
[    0.862408] Key type encrypted registered
[    0.863018] AppArmor: AppArmor sha1 policy hashing enabled
[    0.863724] ima: No TPM chip found, activating TPM-bypass!
[    0.864542] ima: Allocated hash algorithm: sha1
[    0.865076] evm: HMAC attrs: 0x1
[    0.865681]   Magic number: 2:935:180
[    0.866758] rtc_cmos rtc_cmos: setting system clock to 2022-04-26 13:09:27 UTC (1650978567)
[    0.868774] BIOS EDD facility v0.16 2004-Jun-25, 0 devices found
[    0.870047] EDD information not available.
[    1.007627] Freeing unused kernel memory: 1492K
[    1.008681] Write protecting the kernel read-only data: 14336k
[    1.010174] Freeing unused kernel memory: 1584K
[    1.010786] Freeing unused kernel memory: 52K
Loading, please wait...
starting version 229
[    1.020283] random: systemd-udevd: uninitialized urandom read (16 bytes read, 2 bits of entropy available)
[    1.020670] random: udevadm: uninitialized urandom read (16 bytes read, 2 bits of entropy available)
[    1.020688] random: udevadm: uninitialized urandom read (16 bytes read, 2 bits of entropy available)
[    1.023406] random: systemd-udevd: uninitialized urandom read (16 bytes read, 2 bits of entropy available)
[    1.024475] random: systemd-udevd: uninitialized urandom read (16 bytes read, 2 bits of entropy available)
[    1.025388] random: systemd-udevd: uninitialized urandom read (16 bytes read, 2 bits of entropy available)
[    1.026745] random: udevadm: uninitialized urandom read (16 bytes read, 2 bits of entropy available)
[    1.026858] random: systemd-udevd: uninitialized urandom read (16 bytes read, 2 bits of entropy available)
[    1.026874] random: systemd-udevd: uninitialized urandom read (16 bytes read, 2 bits of entropy available)
[    1.026884] random: systemd-udevd: uninitialized urandom read (16 bytes read, 2 bits of entropy available)
[    1.057995] Fusion MPT base driver 3.04.20
[    1.064036] Copyright (c) 1999-2008 LSI Corporation
[    1.064406] e1000: Intel(R) PRO/1000 Network Driver - version 7.3.21-k8-NAPI
[    1.064407] e1000: Copyright (c) 1999-2006 Intel Corporation.
[    1.069097] Fusion MPT SPI Host driver 3.04.20
[    1.087926] AVX2 version of gcm_enc/dec engaged.
[    1.088648] AES CTR mode by8 optimization enabled
[    1.290438] input: ImExPS/2 Generic Explorer Mouse as /devices/platform/i8042/serio1/input/input4
[    1.380822] e1000 0000:00:03.0 eth0: (PCI:33MHz:32-bit) 02:be:82:6b:cc:1d
[    1.381805] e1000 0000:00:03.0 eth0: Intel(R) PRO/1000 Network Connection
[    1.383513] mptbase: ioc0: Initiating bringup
[    1.384081] e1000 0000:00:03.0 enp0s3: renamed from eth0
[    1.794163] ioc0: LSI53C1030 A0: Capabilities={Initiator}
[    3.151670] scsi host2: ioc0: LSI53C1030 A0, FwRev=00000000h, Ports=1, MaxQ=256, IRQ=20
[    3.266497] scsi 2:0:0:0: Direct-Access     VBOX     HARDDISK         1.0  PQ: 0 ANSI: 5
[    3.267935] scsi target2:0:0: Beginning Domain Validation
[    3.269324] scsi target2:0:0: Domain Validation skipping write tests
[    3.270703] scsi target2:0:0: Ending Domain Validation
[    3.271911] scsi target2:0:0: asynchronous
[    3.273640] scsi 2:0:1:0: Direct-Access     VBOX     HARDDISK         1.0  PQ: 0 ANSI: 5
[    3.275823] scsi target2:0:1: Beginning Domain Validation
[    3.277956] scsi target2:0:1: Domain Validation skipping write tests
[    3.279392] scsi target2:0:1: Ending Domain Validation
[    3.280636] scsi target2:0:1: asynchronous
[    3.287852] sd 2:0:0:0: Attached scsi generic sg0 type 0
[    3.289055] sd 2:0:0:0: [sda] 83886080 512-byte logical blocks: (42.9 GB/40.0 GiB)
[    3.289162] sd 2:0:1:0: [sdb] 20480 512-byte logical blocks: (10.5 MB/10.0 MiB)
[    3.289224] sd 2:0:1:0: [sdb] Write Protect is off
[    3.289268] sd 2:0:1:0: [sdb] Incomplete mode parameter data
[    3.289269] sd 2:0:1:0: [sdb] Assuming drive cache: write through
[    3.294744] sd 2:0:1:0: Attached scsi generic sg1 type 0
[    3.298377] sd 2:0:0:0: [sda] Write Protect is off
[    3.299568] sd 2:0:0:0: [sda] Incomplete mode parameter data
[    3.300803] sd 2:0:0:0: [sda] Assuming drive cache: write through
[    3.301508] sd 2:0:1:0: [sdb] Attached SCSI disk
[    3.304586]  sda: sda1
[    3.305916] sd 2:0:0:0: [sda] Attached SCSI disk
Begin: Loading essential drivers ... [    4.563745] md: linear personality registered for level -1
[    4.566283] md: multipath personality registered for level -4
[    4.568355] md: raid0 personality registered for level 0
[    4.570927] md: raid1 personality registered for level 1
[    4.642043] raid6: sse2x1   gen()  7882 MB/s
[    4.710084] raid6: sse2x1   xor()  8458 MB/s
[    4.778113] raid6: sse2x2   gen() 17453 MB/s
[    4.846080] raid6: sse2x2   xor() 11503 MB/s
[    4.914041] raid6: sse2x4   gen() 18365 MB/s
[    4.982129] raid6: sse2x4   xor() 10266 MB/s
[    5.050053] raid6: avx2x1   gen() 20102 MB/s
[    5.118064] raid6: avx2x2   gen() 33524 MB/s
[    5.186048] raid6: avx2x4   gen() 31945 MB/s
[    5.186710] raid6: using algorithm avx2x2 gen() 33524 MB/s
[    5.187500] raid6: using avx2x2 recovery algorithm
[    5.189762] xor: automatically using best checksumming function:
[    5.226437]    avx       :  6520.000 MB/sec
[    5.229239] async_tx: api initialized (async)
[    5.243498] md: raid6 personality registered for level 6
[    5.244993] md: raid5 personality registered for level 5
[    5.246026] md: raid4 personality registered for level 4
[    5.255201] md: raid10 personality registered for level 10
done.
Begin: Running /scripts/init-premount ... done.
Begin: Mounting root file system ... Begin: Running /scripts/local-top ... done.
Begin: Running /scripts/local-premount ... [    5.282626] Btrfs loaded
Scanning for Btrfs filesystems
done.
Warning: fsck not present, so skipping root file system
[    5.313913] EXT4-fs (sda1): mounted filesystem with ordered data mode. Opts: (null)
done.
Begin: Running /scripts/local-bottom ... done.
Begin: Running /scripts/init-bottom ... done.
[    5.402545] systemd[1]: systemd 229 running in system mode. (+PAM +AUDIT +SELINUX +IMA +APPARMOR +SMACK +SYSVINIT +UTMP +LIBCRYPTSETUP +GCRYPT +GNUTLS +ACL +XZ -LZ4 +SECCOMP +BLKID +ELFUTILS +KMOD -IDN)
[    5.406328] systemd[1]: Detected virtualization oracle.
[    5.407822] systemd[1]: Detected architecture x86-64.

Welcome to [1mUbuntu 16.04.7 LTS[0m!

[    5.410922] systemd[1]: Set hostname to <ubuntu>.
[    5.412699] systemd[1]: Initializing machine ID from random generator.
[    5.414239] systemd[1]: Installed transient /etc/machine-id file.
[    5.505512] systemd[1]: Set up automount Arbitrary Executable File Formats File System Automount Point.
[[0;32m  OK  [0m] Set up automount Arbitrary Executab...ats File System Automount Point.
[    5.507304] systemd[1]: Listening on Journal Socket.
[[0;32m  OK  [0m] Listening on Journal Socket.
[    5.508290] systemd[1]: Created slice System Slice.
[[0;32m  OK  [0m] Created slice System Slice.
[    5.518296] systemd[1]: Starting Set console keymap...
         Starting Set console keymap...
[    5.520506] systemd[1]: Reached target Encrypted Volumes.
[[0;32m  OK  [0m] Reached target Encrypted Volumes.
[    5.522001] systemd[1]: Listening on Journal Audit Socket.
[[0;32m  OK  [0m] Listening on Journal Audit Socket.
[    5.523511] systemd[1]: Starting Nameserver information manager...
         Starting Nameserver information manager...
[    5.524585] systemd[1]: Listening on udev Control Socket.
[[0;32m  OK  [0m] Listening on udev Control Socket.
[    5.525603] systemd[1]: Listening on udev Kernel Socket.
[[0;32m  OK  [0m] Listening on udev Kernel Socket.
[    5.526757] systemd[1]: Created slice User and Session Slice.
[[0;32m  OK  [0m] Created slice User and Session Slice.
[    5.527746] systemd[1]: Reached target Slices.
[[0;32m  OK  [0m] Reached target Slices.
[    5.528751] systemd[1]: Created slice system-serial\x2dgetty.slice.
[[0;32m  OK  [0m] Created slice system-serial\x2dgetty.slice.
[    5.534229] systemd[1]: Reached target Swap.
[[0;32m  OK  [0m] Reached target Swap.
[    5.536577] systemd[1]: Mounting Debug File System...
         Mounting Debug File System...
[    5.537418] systemd[1]: Started Forward Password Requests to Wall Directory Watch.
[[0;32m  OK  [0m] Started Forward Password Requests to Wall Directory Watch.
[    5.538529] systemd[1]: Listening on /dev/initctl Compatibility Named Pipe.
[[0;32m  OK  [0m] Listening on /dev/initctl Compatibility Named Pipe.
[    5.539928] systemd[1]: Mounting Huge Pages File System...
         Mounting Huge Pages File System...
[    5.546827] systemd[1]: Starting Create list of required static device nodes for the current kernel...
         Starting Create list of required st... nodes for the current kernel...
[    5.548442] systemd[1]: Listening on LVM2 poll daemon socket.
[[0;32m  OK  [0m] Listening on LVM2 poll daemon socket.
[    5.549776] systemd[1]: Mounting POSIX Message Queue File System...
         Mounting POSIX Message Queue File System...
[    5.552721] systemd[1]: Starting Uncomplicated firewall...
         Starting Uncomplicated firewall...
[    5.553761] systemd[1]: Reached target System Time Synchronized.
[[0;32m  OK  [0m] Reached target System Time Synchronized.
[    5.554942] systemd[1]: Listening on fsck to fsckd communication Socket.
[[0;32m  OK  [0m] Listening on fsck to fsckd communication Socket.
[    5.556876] systemd[1]: Starting File System Check on Root Device...
         Starting File System Check on Root Device...
[    5.558034] systemd[1]: Listening on Journal Socket (/dev/log).
[[0;32m  OK  [0m] Listening on Journal Socket (/dev/log).
[    5.559093] systemd[1]: Started Trigger resolvconf update for networkd DNS.
[[0;32m  OK  [0m] Started Trigger resolvconf update for networkd DNS.
[    5.560148] systemd[1]: Reached target User and Group Name Lookups.
[[0;32m  OK  [0m] Reached target User and Group Name Lookups.
[    5.561074] systemd[1]: Listening on LVM2 metadata daemon socket.
[[0;32m  OK  [0m] Listening on LVM2 metadata daemon socket.
[    5.563093] systemd[1]: Starting Load Kernel Modules...
         Starting Load Kernel Modules...
[    5.563976] systemd[1]: Listening on Device-mapper event daemon FIFOs.
[[0;32m  OK  [0m] Listening on Device-mapper event daemon FIFOs.
[    5.565511] systemd[1]: Starting Monitoring of LVM2 mirrors, snapshots etc. using dmeventd or progress polling...
         Starting Monitoring of LVM2 mirrors... dmeventd or progress polling...
[    5.567934] systemd[1]: Listening on Syslog Socket.
[[0;32m  OK  [0m] Listening on Syslog Socket.
[    5.569913] systemd[1]: Starting Journal Service...
         Starting Journal Service...
[    5.572688] systemd[1]: Mounted Huge Pages File System.
[[0;32m  OK  [0m] Mounted Huge Pages File System.
[    5.573948] systemd[1]: Mounted POSIX Message Queue File System.
[[0;32m  OK  [0m] Mounted POSIX Message Queue File System.
[    5.574941] systemd[1]: Mounted Debug File System.
[[0;32m  OK  [0m] Mounted Debug File System.
[    5.576422] systemd[1]: Started Set console keymap.
[[0;32m  OK  [0m] Started Set console keymap.
[    5.579874] systemd[1]: Started Create list of required static device nodes for the current kernel.
[[0;32m  OK  [0m] Started Create list of required sta...ce nodes for the current kernel.
[    5.582057] Loading iSCSI transport class v2.0-870.
[    5.582280] systemd[1]: Started Uncomplicated firewall.
[[0;32m  OK  [0m] Started Uncomplicated firewall.
[    5.592731] systemd[1]: Started Nameserver information manager.
[[0;32m  OK  [0m] Started Nameserver information manager.
[    5.597577] iscsi: registered transport (tcp)
[    5.602900] systemd[1]: Started File System Check on Root Device.
[[0;32m  OK  [0m] Started File System Check on Root Device.
[    5.606552] systemd[1]: Started LVM2 metadata daemon.
[[0;32m  OK  [0m] Started LVM2 metadata daemon.
[    5.608785] systemd[1]: Started File System Check Daemon to report status.
[[0;32m  OK  [0m] Started File System Check Daemon to report status.
[    5.612331] systemd[1]: Starting Remount Root and Kernel File Systems...
         Starting Remount Root and Kernel File Systems...
[    5.615829] systemd[1]: Starting Create Static Device Nodes in /dev...
         Starting Create Static Device Nodes in /dev...
[    5.617960] EXT4-fs (sda1): re-mounted. Opts: (null)
[    5.619895] systemd[1]: Started Remount Root and Kernel File Systems.
[[0;32m  OK  [0m] Started Remount Root and Kernel File Systems.
[    5.621520] systemd[1]: Starting Load/Save Random Seed...
         Starting Load/Save Random Seed...
[    5.624714] systemd[1]: Starting udev Coldplug all Devices...
         Starting udev Coldplug all Devices...
[    5.630667] systemd[1]: Started Journal Service.
[[0;32m  OK  [0m] Started Journal Service.
[[0;32m  OK  [0m] Started Load/Save Random Seed.
[[0;32m  OK  [0m] Started Create Static Device Nodes in /dev.
         Starting udev Kernel Device Manager...
         Starting Flush Journal to Persistent Storage...
[    5.666650] systemd-journald[402]: Received request to flush runtime journal from PID 1
[[0;32m  OK  [0m] Started Flush Journal to Persistent Storage.
[    5.676575] iscsi: registered transport (iser)
[[0;32m  OK  [0m] Started Load Kernel Modules.
         Mounting FUSE Control File System...
         Starting Apply Kernel Variables...
[[0;32m  OK  [0m] Mounted FUSE Control File System.
[[0;32m  OK  [0m] Started udev Kernel Device Manager.
[[0;32m  OK  [0m] Started udev Coldplug all Devices.
[[0;32m  OK  [0m] Started Dispatch Password Requests to Console Directory Watch.
[[0;32m  OK  [0m] Started Apply Kernel Variables.
[[0;32m  OK  [0m] Started Monitoring of LVM2 mirrors,...ng dmeventd or progress polling.
[[0;32m  OK  [0m] Reached target Local File Systems (Pre).
[[0;32m  OK  [0m] Reached target Local File Systems.
         Starting Create Volatile Files and Directories...
         Starting Commit a transient machine-id on disk...
         Starting LSB: AppArmor initialization...
         Starting Set console font and keymap...
         Starting Tell Plymouth To Write Out Runtime Data...
         Starting Initial cloud-init job (pre-networking)...
[[0;32m  OK  [0m] Started Create Volatile Files and Directories.
[[0;32m  OK  [0m] Started Tell Plymouth To Write Out Runtime Data.
         Starting Update UTMP about System Boot/Shutdown...
[[0;32m  OK  [0m] Started Commit a transient machine-id on disk.
[[0;32m  OK  [0m] Started Update UTMP about System Boot/Shutdown.
[[0;32m  OK  [0m] Found device /dev/ttyS0.
[[0;32m  OK  [0m] Listening on Load/Save RF Kill Switch Status /dev/rfkill Watch.
[[0;32m  OK  [0m] Started Set console font and keymap.
[[0;32m  OK  [0m] Created slice system-getty.slice.
[[0;32m  OK  [0m] Started LSB: AppArmor initialization.
[    6.508896] cloud-init[507]: Cloud-init v. 21.1-19-gbad84ad4-0ubuntu1~16.04.2 running 'init-local' at Tue, 26 Apr 2022 13:09:33 +0000. Up 6.27 seconds.
         Starting Load AppArmor profiles managed internally by snapd...
[[0;32m  OK  [0m] Started Load AppArmor profiles managed internally by snapd.
[[0;32m  OK  [0m] Started Initial cloud-init job (pre-networking).
[[0;32m  OK  [0m] Reached target Network (Pre).
         Starting Raise network interfaces...
[[0;32m  OK  [0m] Started Raise network interfaces.
[[0;32m  OK  [0m] Reached target Network.
         Starting Initial cloud-init job (metadata service crawler)...
[    7.385543] cloud-init[931]: Cloud-init v. 21.1-19-gbad84ad4-0ubuntu1~16.04.2 running 'init' at Tue, 26 Apr 2022 13:09:33 +0000. Up 6.96 seconds.
[    7.386306] cloud-init[931]: ci-info: ++++++++++++++++++++++++++++++++++++++Net device info++++++++++++++++++++++++++++++++++++++
[    7.386871] cloud-init[931]: ci-info: +--------+------+----------------------------+---------------+--------+-------------------+
[    7.387487] cloud-init[931]: ci-info: | Device |  Up  |          Address           |      Mask     | Scope  |     Hw-Address    |
[    7.388019] cloud-init[931]: ci-info: +--------+------+----------------------------+---------------+--------+-------------------+
[    7.396517] cloud-init[931]: ci-info: | enp0s3 | True |         10.0.2.15          | 255.255.255.0 | global | 02:be:82:6b:cc:1d |
[    7.397283] cloud-init[931]: ci-info: | enp0s3 | True | fe80::be:82ff:fe6b:cc1d/64 |       .       |  link  | 02:be:82:6b:cc:1d |
[    7.404471] cloud-init[931]: ci-info: |   lo   | True |         127.0.0.1          |   255.0.0.0   |  host  |         .         |
[    7.412662] cloud-init[931]: ci-info: |   lo   | True |          ::1/128           |       .       |  host  |         .         |
[    7.413719] cloud-init[931]: ci-info: +--------+------+----------------------------+---------------+--------+-------------------+
[    7.424829] cloud-init[931]: ci-info: +++++++++++++++++++++++++++Route IPv4 info++++++++++++++++++++++++++++
[[0;32m  OK  [0m] Started Initial cloud-init job (metadata service crawler).
[    7.433085] cloud-init[931]: ci-info: +-------+-------------+----------+---------------+-----------+-------+
[[0;32m  OK  [0m] Reached target Cloud-config availability.
[[0;32m  OK  [0m] Reached target System Initialization.
[    7.433989] cloud-init[931]: ci-info: | Route | Destination | Gateway  |    Genmask    | Interface | Flags |
[    7.440881] cloud-init[931]: ci-info: +-------+-------------+----------+---------------+-----------+-------+
[    7.440961] cloud-init[931]: ci-info: |   0   |   0.0.0.0   | 10.0.2.2 |    0.0.0.0    |   enp0s3  |   UG  |
[    7.441103] cloud-init[931]: ci-info: |   1   |   10.0.2.0  | 0.0.0.0  | 255.255.255.0 |   enp0s3  |   U   |
[    7.441238] cloud-init[931]: ci-info: +-------+-------------+----------+---------------+-----------+-------+
[    7.441300] cloud-init[931]: ci-info: +++++++++++++++++++Route IPv6 info+++++++++++++++++++
[    7.441352] cloud-init[931]: ci-info: +-------+-------------+---------+-----------+-------+
[    7.441380] cloud-init[931]: ci-info: | Route | Destination | Gateway | Interface | Flags |
[    7.441412] cloud-init[931]: ci-info: +-------+-------------+---------+-----------+-------+
[    7.441461] cloud-init[931]: ci-info: |   0   |  fe80::/64  |    ::   |   enp0s3  |   U   |
[    7.441488] cloud-init[931]: ci-info: |   3   |   ff00::/8  |    ::   |   enp0s3  |   U   |
[    7.441522] cloud-init[931]: ci-info: +-------+-------------+---------+-----------+-------+
[    7.441611] cloud-init[931]: Generating public/private rsa key pair.
[    7.441633] cloud-init[931]: Your identification has been saved in /etc/ssh/ssh_host_rsa_key.
[    7.441663] cloud-init[931]: Your public key has been saved in /etc/ssh/ssh_host_rsa_key.pub.
[    7.441692] cloud-init[931]: The key fingerprint is:
[    7.441724] cloud-init[931]: SHA256:K1wQPg1kWhrVMD54qTTGNzrOQyFEEe1vVa54DHub9gg root@ubuntu-xenial
[    7.441755] cloud-init[931]: The key's randomart image is:
[    7.441789] cloud-init[931]: +---[RSA 2048]----+
[    7.441815] cloud-init[931]: | .=+.oXo         |
[    7.441868] cloud-init[931]: | . ..X *. .      |
[    7.441945] cloud-init[931]: |  ..X @ .o       |
[    7.441991] cloud-init[931]: |   +.B.=. .      |
[    7.442027] cloud-init[931]: |    =. *S.       |
[    7.442053] cloud-init[931]: |   + o=.=.       |
[    7.442103] cloud-init[931]: |    +.Eo.o       |
[    7.442129] cloud-init[931]: |     . o+.       |
[    7.442178] cloud-init[931]: |       ....      |
[[0;32m  OK  [0m[    7.442240] ] cloud-initStarted Daily apt download activities.[931]: 
+----[SHA256]-----+
[    7.445478] cloud-init[931]: Generating public/private dsa key pair.
[    7.445828] cloud-init[931]: Your identification has been saved in /etc/ssh/ssh_host_dsa_key.
[[    7.446404] cloud-init[931]: Your public key has been saved in /etc/ssh/ssh_host_dsa_key.pub.
[    7.446501] cloud-init[931]: The key fingerprint is:
[    7.446664] cloud-init[931]: SHA256:CB3ec4Hylbf1D1risJB3uvXdhIjQEluspWDrn9uWntg root@ubuntu-xenial
[    7.446760] cloud-init[931]: The key's randomart image is:
[    7.446875] cloud-init[931]: +---[DSA 1024]----+
[    7.447014] cloud-init[931]: |      .  o..     |
[    7.447110] cloud-init[931]: |     o+oo *.. .  |
[    7.447188] cloud-init[931]: |    ..o=o@.. o . |
[    7.447225] cloud-init[931]: |     ...Xo+ + o .|
[    7.447278] cloud-init[931]: |     .. S= B = o.|
[    7.447310] cloud-init[931]: |      .   + = . o|
[    7.447367] cloud-init[931]: |       . . + . o.|
[    7.447401] cloud-init[931]: |        o++.  . o|
[    7.447486] cloud-init[931]: |        o+E      |
[    7.447569] cloud-init[931]: +----[SHA256]-----+
[    7.447648] cloud-init[931]: Generating public/private ecdsa key pair.
[    7.447683] cloud-init[931]: Your identification has been saved in /etc/ssh/ssh_host_ecdsa_key.
[    7.447733] cloud-init[931]: Your public key has been saved in /etc/ssh/ssh_host_ecdsa_key.pub.
[    7.447795] cloud-init[931]: The key fingerprint is:
[    7.447853] cloud-init[931]: SHA256:eEGBGgmwH8Uib8uydaDMxgD0UnJNQk/uN/Z3KhhVfsk root@ubuntu-xenial
[    7.447916] cloud-init[931]: The key's randomart image is:
[    7.448032] cloud-init[931]: +---[ECDSA 256]---+
[    7.448207] cloud-init[931]: |o+oB++ .o.       |
[    7.448257] cloud-init[931]: |o.*.O...   .     |
[    7.448341] cloud-init[931]: |o+.o =  . o . .  |
[    7.448368] cloud-init[931]: |..=.o  . o . E   |
[    7.448403] cloud-init[931]: |=+.o ..+S   .    |
[    7.448520] cloud-init[931]: |o=+ . ooo        |
[    7.448576] cloud-init[931]: |.+ .    o. . .   |
[0;32m  OK  [0m[    7.448640] cloud-init[931]: |.      . .. o    |
[    7.449154] cloud-init[931]: |          ..     |
[    7.449182] cloud-init[931]: +----[SHA256]-----+
[    7.449217] cloud-init[931]: Generating public/private ed25519 key pair.
[    7.449300] cloud-init[931]: Your identification has been saved in /etc/ssh/ssh_host_ed25519_key.
[    7.449381] cloud-init[931]: Your public key has been saved in /etc/ssh/ssh_host_ed25519_key.pub.
[    7.449412] cloud-init[931]: The key fingerprint is:
[    7.449445] cloud-init[931]: SHA256:VhLOPupQCoyyHosa8/zw5zogSnDs6nyLlDH7k1eKI7E root@ubuntu-xenial
[    7.449505] cloud-init[931]: The key's randomart image is:
[    7.449618] cloud-init[931]: +--[ED25519 256]--+
] Started ACPI Events Check.[    7.449698] cloud-init[931]: |        .        |
[    7.449751] cloud-init[931]: |       o .       |

[    7.449807] cloud-init[931]: | .      + .      |
[    7.449845] cloud-init[931]: |.oo    . o       |
[    7.449896] cloud-init[931]: |+=o   . S        |
[    7.449943] cloud-init[931]: |o+B. o + .       |
[    7.449968] cloud-init[931]: |*B+.= +          |
[    7.450006] cloud-init[931]: |BE=O.=.          |
[    7.450219] cloud-init[931]: |=*=+O=o          |
[    7.450273] cloud-init[931]: +----[SHA256]-----+
[[0;32m  OK  [0m] Reached target Paths.
         Starting LXD - unix socket.
         Starting Socket activation for snappy daemon.
[[0;32m  OK  [0m] Started Daily apt upgrade and clean activities.
[[0;32m  OK  [0m] Started Ubuntu Advantage update messaging.
[[0;32m  OK  [0m] Listening on D-Bus System Message Bus Socket.
[[0;32m  OK  [0m] Started Message of the Day.
[[0;32m  OK  [0m] Listening on ACPID Listen Socket.
[[0;32m  OK  [0m] Started Daily Cleanup of Temporary Directories.
[[0;32m  OK  [0m] Reached target Timers.
[[0;32m  OK  [0m] Listening on UUID daemon activation socket.
[[0;32m  OK  [0m] Reached target Network is Online.
         Starting iSCSI initiator daemon (iscsid)...
[[0;32m  OK  [0m] Listening on LXD - unix socket.
[[0;32m  OK  [0m] Listening on Socket activation for snappy daemon.
[[0;32m  OK  [0m] Reached target Sockets.
[[0;32m  OK  [0m] Reached target Basic System.
         Starting Virtualbox guest utils...
         Starting /etc/rc.local Compatibility...
         Starting Accounts Service...
         Starting LSB: Record successful boot for GRUB...
[[0;32m  OK  [0m] Started Deferred execution scheduler.
[[0;32m  OK  [0m] Started ACPI event daemon.
         Starting Pollinate to seed the pseudo random number generator...
[[0;32m  OK  [0m] Started FUSE filesystem for LXC.
         Starting LXD - container startup/shutdown...
[[0;32m  OK  [0m] Started D-Bus System Message Bus.
[[0;32m  OK  [0m] Started Regular background program processing daemon.
         Starting Login Service...
         Starting Snap Daemon...
         Starting LSB: MD monitoring daemon...
         Starting System Logging Service...
[[0;32m  OK  [0m] Started iSCSI initiator daemon (iscsid).
[[0;32m  OK  [0m] Started /etc/rc.local Compatibility.
         Starting Authenticate and Authorize Users to Run Privileged Tasks...
         Starting Login to default iSCSI targets...
[[0;32m  OK  [0m] Started Login Service.
[[0;32m  OK  [0m] Started Unattended Upgrades Shutdown.
[[0;32m  OK  [0m] Started LSB: MD monitoring daemon.
[[0;32m  OK  [0m] Started LSB: Record successful boot for GRUB.
[[0;32m  OK  [0m] Started Login to default iSCSI targets.
[[0;32m  OK  [0m] Reached target Remote File Systems (Pre).
[[0;32m  OK  [0m] Reached target Remote File Systems.
         Starting LSB: Set the CPU Frequency Scaling governor to "ondemand"...
         Starting Permit User Sessions...
         Starting LSB: daemon to balance interrupts for SMP systems...
         Starting LSB: automatic crash report generation...
[[0;32m  OK  [0m] Started Permit User Sessions.
         Starting Hold until boot process finishes up...
         Starting Terminate Plymouth Boot Screen...
[[0;32m  OK  [0m] Started System Logging Service.
[[0;32m  OK  [0m] Started Hold until boot process finishes up.
[[0;32m  OK  [0m] Started Serial Getty on ttyS0.
         Starting Set console scheme...
[[0;32m  OK  [0m] Started Getty on tty1.
[[0;32m  OK  [0m] Reached target Login Prompts.
[[0;32m  OK  [0m] Started Terminate Plymouth Boot Screen.
[[0;32m  OK  [0m] Started Set console scheme.
[[0;32m  OK  [0m] Started Authenticate and Authorize Users to Run Privileged Tasks.
[[0;32m  OK  [0m] Started Accounts Service.
[[0;32m  OK  [0m] Started LSB: Set the CPU Frequency Scaling governor to "ondemand".
[[0;32m  OK  [0m] Started LXD - container startup/shutdown.
[[0;32m  OK  [0m] Started LSB: automatic crash report generation.
[[0;32m  OK  [0m] Started LSB: daemon to balance interrupts for SMP systems.
[[0;32m  OK  [0m] Started Virtualbox guest utils.
[[0;32m  OK  [0m] Started Pollinate to seed the pseudo random number generator.
         Starting OpenBSD Secure Shell server...
[[0;32m  OK  [0m] Started OpenBSD Secure Shell server.
[[0;32m  OK  [0m] Started Snap Daemon.
         Starting Wait until snapd is fully seeded...
[[0;32m  OK  [0m] Started Wait until snapd is fully seeded.
         Starting Apply the settings specified in cloud-config...
[[0;32m  OK  [0m] Reached target Multi-User System.
[[0;32m  OK  [0m] Reached target Graphical Interface.
         Starting Update UTMP about System Runlevel Changes...
[[0;32m  OK  [0m] Started Update UTMP about System Runlevel Changes.
[    8.827448] cloud-init[1271]: Generating locales (this might take a while)...
[    9.446855] cloud-init[1271]:   en_US.UTF-8... done
[    9.452477] cloud-init[1271]: Generation complete.
[    9.689565] cloud-init[1271]: Cloud-init v. 21.1-19-gbad84ad4-0ubuntu1~16.04.2 running 'modules:config' at Tue, 26 Apr 2022 13:09:35 +0000. Up 8.74 seconds.
[[0;32m  OK  [0m] Started Apply the settings specified in cloud-config.
         Starting Execute cloud user/final scripts...
ci-info: no authorized SSH keys fingerprints found for user ubuntu.
<14>Apr 26 13:09:36 ec2: 
<14>Apr 26 13:09:36 ec2: #############################################################
<14>Apr 26 13:09:36 ec2: -----BEGIN SSH HOST KEY FINGERPRINTS-----
<14>Apr 26 13:09:36 ec2: 1024 SHA256:CB3ec4Hylbf1D1risJB3uvXdhIjQEluspWDrn9uWntg root@ubuntu-xenial (DSA)
<14>Apr 26 13:09:36 ec2: 256 SHA256:eEGBGgmwH8Uib8uydaDMxgD0UnJNQk/uN/Z3KhhVfsk root@ubuntu-xenial (ECDSA)
<14>Apr 26 13:09:36 ec2: 256 SHA256:VhLOPupQCoyyHosa8/zw5zogSnDs6nyLlDH7k1eKI7E root@ubuntu-xenial (ED25519)
<14>Apr 26 13:09:36 ec2: 2048 SHA256:K1wQPg1kWhrVMD54qTTGNzrOQyFEEe1vVa54DHub9gg root@ubuntu-xenial (RSA)
<14>Apr 26 13:09:36 ec2: -----END SSH HOST KEY FINGERPRINTS-----
<14>Apr 26 13:09:36 ec2: #############################################################
-----BEGIN SSH HOST KEY KEYS-----
ecdsa-sha2-nistp256 AAAAE2VjZHNhLXNoYTItbmlzdHAyNTYAAAAIbmlzdHAyNTYAAABBBHpjTQszv0U2q6agrCStAP7EI5mqWPyeVwYMFk3VXQrLOicg72a48sEh9SDhYp7YxEGpthIHZjI+zGBmcK4C4ck= root@ubuntu-xenial
ssh-ed25519 AAAAC3NzaC1lZDI1NTE5AAAAIHZD+CtVk/32+q0sZBV3W8BFVhYqEebzIJxzgFa1z2Pd root@ubuntu-xenial
ssh-rsa AAAAB3NzaC1yc2EAAAADAQABAAABAQC3b5ZhEpjs0hXygQPFnLGiXRBGBoyalGDPKLrBSlavWuG+MwJIHXTFeCbhAWJc3eBkaFWW9G/gso7Oy3GQsAIcUr3fOh5ffsm2VgaNvW1V4L/Fb/VRc2GxvPywbARyK6PQY2Axyoc7SZENgTvTDpXfthOAyR0ZByipZfeAHaz2qm0RD5s4xN/8czpeKJSsHDlGNRcIjSetjm2GI584gaLgw6pqwRuhu4cjtzwai4scou6WfhzpUfzCDO/+Qtf+CYNZKHpWkV7YdH3z2T1sH5s7s3UOx0SqM1kc+6NZMp+vd7tszHybioI899HMAvnX/3xa5lxeDhFRcwtWsx/0+ej7 root@ubuntu-xenial
-----END SSH HOST KEY KEYS-----
[   10.117126] cloud-init[1316]: Cloud-init v. 21.1-19-gbad84ad4-0ubuntu1~16.04.2 running 'modules:final' at Tue, 26 Apr 2022 13:09:36 +0000. Up 9.98 seconds.
[   10.118574] cloud-init[1316]: ci-info: no authorized SSH keys fingerprints found for user ubuntu.
[   10.124521] cloud-init[1316]: Cloud-init v. 21.1-19-gbad84ad4-0ubuntu1~16.04.2 finished at Tue, 26 Apr 2022 13:09:36 +0000. Datasource DataSourceNoCloud [seed=/dev/sdb][dsmode=net].  Up 10.11 seconds
[[0;32m  OK  [0m] Started Execute cloud user/final scripts.
[[0;32m  OK  [0m] Reached target Cloud-init target.

Ubuntu 16.04.7 LTS ubuntu-xenial ttyS0

ubuntu-xenial login: 